<?xml version="1.0" encoding="UTF-8"?>
<testsuite xmlns:xsi="http://www.w3.org/2001/XMLSchema-instance" xsi:noNamespaceSchemaLocation="https://maven.apache.org/surefire/maven-surefire-plugin/xsd/surefire-test-report-3.0.xsd" version="3.0" name="com.example.tests.ProcessWriteScenariosTest" time="2.364" tests="2" errors="0" skipped="0" failures="0">
  <properties>
[...]
</properties>
  <testcase name="searchTmdb_and_postResult_toJsonPlaceholder" classname="com.example.tests.ProcessWriteScenariosTest" time="0.78">
    <system-err><![CDATA[[main] INFO http-requests - HTTP REQUEST -> GET https://api.themoviedb.org/3/search/movie?api_key=5dba1876f2432e45e087200843cf85f8&query=matrix | headers: Accept: */* | Content-Type: application/json | body: <empty>
[main] INFO http-requests - HTTP REQUEST -> GET https://api.themoviedb.org/3/search/movie?api_key=5dba1876f2432e45e087200843cf85f8&query=matrix | headers: Accept: */* | Content-Type: application/json | body: <empty>
[main] INFO http-requests - HTTP REQUEST -> GET https://api.themoviedb.org/3/search/movie?api_key=5dba1876f2432e45e087200843cf85f8&query=matrix | headers: Accept: */* | Content-Type: application/json | body: <empty>
[main] INFO http-requests - HTTP REQUEST -> GET https://api.themoviedb.org/3/search/movie?api_key=5dba1876f2432e45e087200843cf85f8&query=matrix | headers: Accept: */* | Content-Type: application/json | body: <empty>
[main] INFO http-requests - HTTP REQUEST -> GET https://api.themoviedb.org/3/search/movie?api_key=5dba1876f2432e45e087200843cf85f8&query=matrix | headers: Accept: */* | Content-Type: application/json | body: <empty>
[main] INFO http-requests - HTTP REQUEST -> GET https://api.themoviedb.org/3/search/movie?api_key=5dba1876f2432e45e087200843cf85f8&query=matrix | headers: Accept: */* | Content-Type: application/json | body: <empty>
[main] INFO http-requests - HTTP REQUEST -> GET https://api.themoviedb.org/3/search/movie?api_key=5dba1876f2432e45e087200843cf85f8&query=matrix | headers: Accept: */* | Content-Type: application/json | body: <empty>
[main] INFO http-requests - HTTP REQUEST -> GET https://api.themoviedb.org/3/search/movie?api_key=5dba1876f2432e45e087200843cf85f8&query=matrix | headers: Accept: */* | Content-Type: application/json | body: <empty>
[main] INFO http-requests - HTTP REQUEST -> GET https://api.themoviedb.org/3/search/movie?api_key=5dba1876f2432e45e087200843cf85f8&query=matrix | headers: Accept: */* | Content-Type: application/json | body: <empty>
[main] INFO http-requests - HTTP REQUEST -> GET https://api.themoviedb.org/3/search/movie?api_key=5dba1876f2432e45e087200843cf85f8&query=matrix | headers: Accept: */* | Content-Type: application/json | body: <empty>
[main] INFO http-requests - HTTP RESPONSE <- GET https://api.themoviedb.org/3/search/movie?api_key=5dba1876f2432e45e087200843cf85f8&query=matrix | status: 200 | content-type: application/json;charset=utf-8 | body-size: 11413
[main] INFO http-requests - HTTP RESPONSE <- GET https://api.themoviedb.org/3/search/movie?api_key=5dba1876f2432e45e087200843cf85f8&query=matrix | status: 200 | content-type: application/json;charset=utf-8 | body-size: 11413
[main] INFO http-requests - HTTP RESPONSE <- GET https://api.themoviedb.org/3/search/movie?api_key=5dba1876f2432e45e087200843cf85f8&query=matrix | status: 200 | content-type: application/json;charset=utf-8 | body-size: 11413
[main] INFO http-requests - HTTP RESPONSE <- GET https://api.themoviedb.org/3/search/movie?api_key=5dba1876f2432e45e087200843cf85f8&query=matrix | status: 200 | content-type: application/json;charset=utf-8 | body-size: 11413
[main] INFO http-requests - HTTP RESPONSE <- GET https://api.themoviedb.org/3/search/movie?api_key=5dba1876f2432e45e087200843cf85f8&query=matrix | status: 200 | content-type: application/json;charset=utf-8 | body-size: 11413
[main] INFO http-requests - HTTP RESPONSE <- GET https://api.themoviedb.org/3/search/movie?api_key=5dba1876f2432e45e087200843cf85f8&query=matrix | status: 200 | content-type: application/json;charset=utf-8 | body-size: 11413
[main] INFO http-requests - HTTP RESPONSE <- GET https://api.themoviedb.org/3/search/movie?api_key=5dba1876f2432e45e087200843cf85f8&query=matrix | status: 200 | content-type: application/json;charset=utf-8 | body-size: 11413
[main] INFO http-requests - HTTP RESPONSE <- GET https://api.themoviedb.org/3/search/movie?api_key=5dba1876f2432e45e087200843cf85f8&query=matrix | status: 200 | content-type: application/json;charset=utf-8 | body-size: 11413
[main] INFO http-requests - HTTP RESPONSE <- GET https://api.themoviedb.org/3/search/movie?api_key=5dba1876f2432e45e087200843cf85f8&query=matrix | status: 200 | content-type: application/json;charset=utf-8 | body-size: 11413
[main] INFO http-requests - HTTP RESPONSE <- GET https://api.themoviedb.org/3/search/movie?api_key=5dba1876f2432e45e087200843cf85f8&query=matrix | status: 200 | content-type: application/json;charset=utf-8 | body-size: 11413
[main] INFO http-requests - HTTP REQUEST -> POST https://jsonplaceholder.typicode.com/posts | headers: Accept: */* | Content-Type: application/json | body: {"id":373223,"title":"Matrix","overview":"Abstract art film made for gallery exhibition."}
[main] INFO http-requests - HTTP REQUEST -> POST https://jsonplaceholder.typicode.com/posts | headers: Accept: */* | Content-Type: application/json | body: {"id":373223,"title":"Matrix","overview":"Abstract art film made for gallery exhibition."}
[main] INFO http-requests - HTTP REQUEST -> POST https://jsonplaceholder.typicode.com/posts | headers: Accept: */* | Content-Type: application/json | body: {"id":373223,"title":"Matrix","overview":"Abstract art film made for gallery exhibition."}
[main] INFO http-requests - HTTP REQUEST -> POST https://jsonplaceholder.typicode.com/posts | headers: Accept: */* | Content-Type: application/json | body: {"id":373223,"title":"Matrix","overview":"Abstract art film made for gallery exhibition."}
[main] INFO http-requests - HTTP REQUEST -> POST https://jsonplaceholder.typicode.com/posts | headers: Accept: */* | Content-Type: application/json | body: {"id":373223,"title":"Matrix","overview":"Abstract art film made for gallery exhibition."}
[main] INFO http-requests - HTTP REQUEST -> POST https://jsonplaceholder.typicode.com/posts | headers: Accept: */* | Content-Type: application/json | body: {"id":373223,"title":"Matrix","overview":"Abstract art film made for gallery exhibition."}
[main] INFO http-requests - HTTP REQUEST -> POST https://jsonplaceholder.typicode.com/posts | headers: Accept: */* | Content-Type: application/json | body: {"id":373223,"title":"Matrix","overview":"Abstract art film made for gallery exhibition."}
[main] INFO http-requests - HTTP REQUEST -> POST https://jsonplaceholder.typicode.com/posts | headers: Accept: */* | Content-Type: application/json | body: {"id":373223,"title":"Matrix","overview":"Abstract art film made for gallery exhibition."}
[main] INFO http-requests - HTTP REQUEST -> POST https://jsonplaceholder.typicode.com/posts | headers: Accept: */* | Content-Type: application/json | body: {"id":373223,"title":"Matrix","overview":"Abstract art film made for gallery exhibition."}
[main] INFO http-requests - HTTP REQUEST -> POST https://jsonplaceholder.typicode.com/posts | headers: Accept: */* | Content-Type: application/json | body: {"id":373223,"title":"Matrix","overview":"Abstract art film made for gallery exhibition."}
[main] INFO http-requests - HTTP REQUEST -> POST https://jsonplaceholder.typicode.com/posts | headers: Accept: */* | Content-Type: application/json | body: {"id":373223,"title":"Matrix","overview":"Abstract art film made for gallery exhibition."}
[main] INFO http-requests - HTTP RESPONSE <- POST https://jsonplaceholder.typicode.com/posts | status: 201 | content-type: application/json; charset=utf-8 | body-size: 100
[main] INFO http-requests - HTTP RESPONSE <- POST https://jsonplaceholder.typicode.com/posts | status: 201 | content-type: application/json; charset=utf-8 | body-size: 100
[main] INFO http-requests - HTTP RESPONSE <- POST https://jsonplaceholder.typicode.com/posts | status: 201 | content-type: application/json; charset=utf-8 | body-size: 100
[main] INFO http-requests - HTTP RESPONSE <- POST https://jsonplaceholder.typicode.com/posts | status: 201 | content-type: application/json; charset=utf-8 | body-size: 100
[main] INFO http-requests - HTTP RESPONSE <- POST https://jsonplaceholder.typicode.com/posts | status: 201 | content-type: application/json; charset=utf-8 | body-size: 100
[main] INFO http-requests - HTTP RESPONSE <- POST https://jsonplaceholder.typicode.com/posts | status: 201 | content-type: application/json; charset=utf-8 | body-size: 100
[main] INFO http-requests - HTTP RESPONSE <- POST https://jsonplaceholder.typicode.com/posts | status: 201 | content-type: application/json; charset=utf-8 | body-size: 100
[main] INFO http-requests - HTTP RESPONSE <- POST https://jsonplaceholder.typicode.com/posts | status: 201 | content-type: application/json; charset=utf-8 | body-size: 100
[main] INFO http-requests - HTTP RESPONSE <- POST https://jsonplaceholder.typicode.com/posts | status: 201 | content-type: application/json; charset=utf-8 | body-size: 100
[main] INFO http-requests - HTTP RESPONSE <- POST https://jsonplaceholder.typicode.com/posts | status: 201 | content-type: application/json; charset=utf-8 | body-size: 100
[main] INFO http-requests - HTTP RESPONSE <- POST https://jsonplaceholder.typicode.com/posts | status: 201 | content-type: application/json; charset=utf-8 | body-size: 100
]]></system-err>
  </testcase>
  <testcase name="fetchFromTmdb_and_postPutDelete_toJsonPlaceholder" classname="com.example.tests.ProcessWriteScenariosTest" time="1.582">
    <system-err><![CDATA[[main] INFO http-requests - HTTP REQUEST -> GET https://api.themoviedb.org/3/movie/now_playing?api_key=5dba1876f2432e45e087200843cf85f8 | headers: Accept: */* | Content-Type: application/json | body: <empty>
[main] INFO http-requests - HTTP REQUEST -> GET https://api.themoviedb.org/3/movie/now_playing?api_key=5dba1876f2432e45e087200843cf85f8 | headers: Accept: */* | Content-Type: application/json | body: <empty>
[main] INFO http-requests - HTTP REQUEST -> GET https://api.themoviedb.org/3/movie/now_playing?api_key=5dba1876f2432e45e087200843cf85f8 | headers: Accept: */* | Content-Type: application/json | body: <empty>
[main] INFO http-requests - HTTP REQUEST -> GET https://api.themoviedb.org/3/movie/now_playing?api_key=5dba1876f2432e45e087200843cf85f8 | headers: Accept: */* | Content-Type: application/json | body: <empty>
[main] INFO http-requests - HTTP REQUEST -> GET https://api.themoviedb.org/3/movie/now_playing?api_key=5dba1876f2432e45e087200843cf85f8 | headers: Accept: */* | Content-Type: application/json | body: <empty>
[main] INFO http-requests - HTTP REQUEST -> GET https://api.themoviedb.org/3/movie/now_playing?api_key=5dba1876f2432e45e087200843cf85f8 | headers: Accept: */* | Content-Type: application/json | body: <empty>
[main] INFO http-requests - HTTP REQUEST -> GET https://api.themoviedb.org/3/movie/now_playing?api_key=5dba1876f2432e45e087200843cf85f8 | headers: Accept: */* | Content-Type: application/json | body: <empty>
[main] INFO http-requests - HTTP REQUEST -> GET https://api.themoviedb.org/3/movie/now_playing?api_key=5dba1876f2432e45e087200843cf85f8 | headers: Accept: */* | Content-Type: application/json | body: <empty>
[main] INFO http-requests - HTTP REQUEST -> GET https://api.themoviedb.org/3/movie/now_playing?api_key=5dba1876f2432e45e087200843cf85f8 | headers: Accept: */* | Content-Type: application/json | body: <empty>
[main] INFO http-requests - HTTP REQUEST -> GET https://api.themoviedb.org/3/movie/now_playing?api_key=5dba1876f2432e45e087200843cf85f8 | headers: Accept: */* | Content-Type: application/json | body: <empty>
[main] INFO http-requests - HTTP REQUEST -> GET https://api.themoviedb.org/3/movie/now_playing?api_key=5dba1876f2432e45e087200843cf85f8 | headers: Accept: */* | Content-Type: application/json | body: <empty>
[main] INFO http-requests - HTTP REQUEST -> GET https://api.themoviedb.org/3/movie/now_playing?api_key=5dba1876f2432e45e087200843cf85f8 | headers: Accept: */* | Content-Type: application/json | body: <empty>
[main] INFO http-requests - HTTP RESPONSE <- GET https://api.themoviedb.org/3/movie/now_playing?api_key=5dba1876f2432e45e087200843cf85f8 | status: 200 | content-type: application/json;charset=utf-8 | body-size: 11958
[main] INFO http-requests - HTTP RESPONSE <- GET https://api.themoviedb.org/3/movie/now_playing?api_key=5dba1876f2432e45e087200843cf85f8 | status: 200 | content-type: application/json;charset=utf-8 | body-size: 11958
[main] INFO http-requests - HTTP RESPONSE <- GET https://api.themoviedb.org/3/movie/now_playing?api_key=5dba1876f2432e45e087200843cf85f8 | status: 200 | content-type: application/json;charset=utf-8 | body-size: 11958
[main] INFO http-requests - HTTP RESPONSE <- GET https://api.themoviedb.org/3/movie/now_playing?api_key=5dba1876f2432e45e087200843cf85f8 | status: 200 | content-type: application/json;charset=utf-8 | body-size: 11958
[main] INFO http-requests - HTTP RESPONSE <- GET https://api.themoviedb.org/3/movie/now_playing?api_key=5dba1876f2432e45e087200843cf85f8 | status: 200 | content-type: application/json;charset=utf-8 | body-size: 11958
[main] INFO http-requests - HTTP RESPONSE <- GET https://api.themoviedb.org/3/movie/now_playing?api_key=5dba1876f2432e45e087200843cf85f8 | status: 200 | content-type: application/json;charset=utf-8 | body-size: 11958
[main] INFO http-requests - HTTP RESPONSE <- GET https://api.themoviedb.org/3/movie/now_playing?api_key=5dba1876f2432e45e087200843cf85f8 | status: 200 | content-type: application/json;charset=utf-8 | body-size: 11958
[main] INFO http-requests - HTTP RESPONSE <- GET https://api.themoviedb.org/3/movie/now_playing?api_key=5dba1876f2432e45e087200843cf85f8 | status: 200 | content-type: application/json;charset=utf-8 | body-size: 11958
[main] INFO http-requests - HTTP RESPONSE <- GET https://api.themoviedb.org/3/movie/now_playing?api_key=5dba1876f2432e45e087200843cf85f8 | status: 200 | content-type: application/json;charset=utf-8 | body-size: 11958
[main] INFO http-requests - HTTP RESPONSE <- GET https://api.themoviedb.org/3/movie/now_playing?api_key=5dba1876f2432e45e087200843cf85f8 | status: 200 | content-type: application/json;charset=utf-8 | body-size: 11958
[main] INFO http-requests - HTTP RESPONSE <- GET https://api.themoviedb.org/3/movie/now_playing?api_key=5dba1876f2432e45e087200843cf85f8 | status: 200 | content-type: application/json;charset=utf-8 | body-size: 11958
[main] INFO http-requests - HTTP RESPONSE <- GET https://api.themoviedb.org/3/movie/now_playing?api_key=5dba1876f2432e45e087200843cf85f8 | status: 200 | content-type: application/json;charset=utf-8 | body-size: 11958
[main] INFO http-requests - HTTP REQUEST -> POST https://jsonplaceholder.typicode.com/posts | headers: Accept: */* | Content-Type: application/json | body: {"id":1062722,"title":"Frankenstein","overview":"Dr. Victor Frankenstein, a brilliant but egotistical scientist, brings a creature to life in a monstrous experiment that ultimately leads to the undoing of both the creator and his tragic creation."}
[main] INFO http-requests - HTTP REQUEST -> POST https://jsonplaceholder.typicode.com/posts | headers: Accept: */* | Content-Type: application/json | body: {"id":1062722,"title":"Frankenstein","overview":"Dr. Victor Frankenstein, a brilliant but egotistical scientist, brings a creature to life in a monstrous experiment that ultimately leads to the undoing of both the creator and his tragic creation."}
[main] INFO http-requests - HTTP REQUEST -> POST https://jsonplaceholder.typicode.com/posts | headers: Accept: */* | Content-Type: application/json | body: {"id":1062722,"title":"Frankenstein","overview":"Dr. Victor Frankenstein, a brilliant but egotistical scientist, brings a creature to life in a monstrous experiment that ultimately leads to the undoing of both the creator and his tragic creation."}
[main] INFO http-requests - HTTP REQUEST -> POST https://jsonplaceholder.typicode.com/posts | headers: Accept: */* | Content-Type: application/json | body: {"id":1062722,"title":"Frankenstein","overview":"Dr. Victor Frankenstein, a brilliant but egotistical scientist, brings a creature to life in a monstrous experiment that ultimately leads to the undoing of both the creator and his tragic creation."}
[main] INFO http-requests - HTTP REQUEST -> POST https://jsonplaceholder.typicode.com/posts | headers: Accept: */* | Content-Type: application/json | body: {"id":1062722,"title":"Frankenstein","overview":"Dr. Victor Frankenstein, a brilliant but egotistical scientist, brings a creature to life in a monstrous experiment that ultimately leads to the undoing of both the creator and his tragic creation."}
[main] INFO http-requests - HTTP REQUEST -> POST https://jsonplaceholder.typicode.com/posts | headers: Accept: */* | Content-Type: application/json | body: {"id":1062722,"title":"Frankenstein","overview":"Dr. Victor Frankenstein, a brilliant but egotistical scientist, brings a creature to life in a monstrous experiment that ultimately leads to the undoing of both the creator and his tragic creation."}
[main] INFO http-requests - HTTP REQUEST -> POST https://jsonplaceholder.typicode.com/posts | headers: Accept: */* | Content-Type: application/json | body: {"id":1062722,"title":"Frankenstein","overview":"Dr. Victor Frankenstein, a brilliant but egotistical scientist, brings a creature to life in a monstrous experiment that ultimately leads to the undoing of both the creator and his tragic creation."}
[main] INFO http-requests - HTTP REQUEST -> POST https://jsonplaceholder.typicode.com/posts | headers: Accept: */* | Content-Type: application/json | body: {"id":1062722,"title":"Frankenstein","overview":"Dr. Victor Frankenstein, a brilliant but egotistical scientist, brings a creature to life in a monstrous experiment that ultimately leads to the undoing of both the creator and his tragic creation."}
[main] INFO http-requests - HTTP REQUEST -> POST https://jsonplaceholder.typicode.com/posts | headers: Accept: */* | Content-Type: application/json | body: {"id":1062722,"title":"Frankenstein","overview":"Dr. Victor Frankenstein, a brilliant but egotistical scientist, brings a creature to life in a monstrous experiment that ultimately leads to the undoing of both the creator and his tragic creation."}
[main] INFO http-requests - HTTP REQUEST -> POST https://jsonplaceholder.typicode.com/posts | headers: Accept: */* | Content-Type: application/json | body: {"id":1062722,"title":"Frankenstein","overview":"Dr. Victor Frankenstein, a brilliant but egotistical scientist, brings a creature to life in a monstrous experiment that ultimately leads to the undoing of both the creator and his tragic creation."}
[main] INFO http-requests - HTTP REQUEST -> POST https://jsonplaceholder.typicode.com/posts | headers: Accept: */* | Content-Type: application/json | body: {"id":1062722,"title":"Frankenstein","overview":"Dr. Victor Frankenstein, a brilliant but egotistical scientist, brings a creature to life in a monstrous experiment that ultimately leads to the undoing of both the creator and his tragic creation."}
[main] INFO http-requests - HTTP REQUEST -> POST https://jsonplaceholder.typicode.com/posts | headers: Accept: */* | Content-Type: application/json | body: {"id":1062722,"title":"Frankenstein","overview":"Dr. Victor Frankenstein, a brilliant but egotistical scientist, brings a creature to life in a monstrous experiment that ultimately leads to the undoing of both the creator and his tragic creation."}
[main] INFO http-requests - HTTP REQUEST -> POST https://jsonplaceholder.typicode.com/posts | headers: Accept: */* | Content-Type: application/json | body: {"id":1062722,"title":"Frankenstein","overview":"Dr. Victor Frankenstein, a brilliant but egotistical scientist, brings a creature to life in a monstrous experiment that ultimately leads to the undoing of both the creator and his tragic creation."}
[main] INFO http-requests - HTTP RESPONSE <- POST https://jsonplaceholder.typicode.com/posts | status: 201 | content-type: application/json; charset=utf-8 | body-size: 257
[main] INFO http-requests - HTTP RESPONSE <- POST https://jsonplaceholder.typicode.com/posts | status: 201 | content-type: application/json; charset=utf-8 | body-size: 257
[main] INFO http-requests - HTTP RESPONSE <- POST https://jsonplaceholder.typicode.com/posts | status: 201 | content-type: application/json; charset=utf-8 | body-size: 257
[main] INFO http-requests - HTTP RESPONSE <- POST https://jsonplaceholder.typicode.com/posts | status: 201 | content-type: application/json; charset=utf-8 | body-size: 257
[main] INFO http-requests - HTTP RESPONSE <- POST https://jsonplaceholder.typicode.com/posts | status: 201 | content-type: application/json; charset=utf-8 | body-size: 257
[main] INFO http-requests - HTTP RESPONSE <- POST https://jsonplaceholder.typicode.com/posts | status: 201 | content-type: application/json; charset=utf-8 | body-size: 257
[main] INFO http-requests - HTTP RESPONSE <- POST https://jsonplaceholder.typicode.com/posts | status: 201 | content-type: application/json; charset=utf-8 | body-size: 257
[main] INFO http-requests - HTTP RESPONSE <- POST https://jsonplaceholder.typicode.com/posts | status: 201 | content-type: application/json; charset=utf-8 | body-size: 257
[main] INFO http-requests - HTTP RESPONSE <- POST https://jsonplaceholder.typicode.com/posts | status: 201 | content-type: application/json; charset=utf-8 | body-size: 257
[main] INFO http-requests - HTTP RESPONSE <- POST https://jsonplaceholder.typicode.com/posts | status: 201 | content-type: application/json; charset=utf-8 | body-size: 257
[main] INFO http-requests - HTTP RESPONSE <- POST https://jsonplaceholder.typicode.com/posts | status: 201 | content-type: application/json; charset=utf-8 | body-size: 257
[main] INFO http-requests - HTTP RESPONSE <- POST https://jsonplaceholder.typicode.com/posts | status: 201 | content-type: application/json; charset=utf-8 | body-size: 257
[main] INFO http-requests - HTTP RESPONSE <- POST https://jsonplaceholder.typicode.com/posts | status: 201 | content-type: application/json; charset=utf-8 | body-size: 257
[main] INFO http-requests - HTTP REQUEST -> PATCH https://jsonplaceholder.typicode.com/posts/101 | headers: Accept: */* | Content-Type: application/json | body: {"id":1062722,"title":"Frankenstein - updated","overview":"Dr. Victor Frankenstein, a brilliant but egotistical scientist, brings a creature to life in a monstrous experiment that ultimately leads to the undoing of both the creator and his tragic creation."}
[main] INFO http-requests - HTTP REQUEST -> PATCH https://jsonplaceholder.typicode.com/posts/101 | headers: Accept: */* | Content-Type: application/json | body: {"id":1062722,"title":"Frankenstein - updated","overview":"Dr. Victor Frankenstein, a brilliant but egotistical scientist, brings a creature to life in a monstrous experiment that ultimately leads to the undoing of both the creator and his tragic creation."}
[main] INFO http-requests - HTTP REQUEST -> PATCH https://jsonplaceholder.typicode.com/posts/101 | headers: Accept: */* | Content-Type: application/json | body: {"id":1062722,"title":"Frankenstein - updated","overview":"Dr. Victor Frankenstein, a brilliant but egotistical scientist, brings a creature to life in a monstrous experiment that ultimately leads to the undoing of both the creator and his tragic creation."}
[main] INFO http-requests - HTTP REQUEST -> PATCH https://jsonplaceholder.typicode.com/posts/101 | headers: Accept: */* | Content-Type: application/json | body: {"id":1062722,"title":"Frankenstein - updated","overview":"Dr. Victor Frankenstein, a brilliant but egotistical scientist, brings a creature to life in a monstrous experiment that ultimately leads to the undoing of both the creator and his tragic creation."}
[main] INFO http-requests - HTTP REQUEST -> PATCH https://jsonplaceholder.typicode.com/posts/101 | headers: Accept: */* | Content-Type: application/json | body: {"id":1062722,"title":"Frankenstein - updated","overview":"Dr. Victor Frankenstein, a brilliant but egotistical scientist, brings a creature to life in a monstrous experiment that ultimately leads to the undoing of both the creator and his tragic creation."}
[main] INFO http-requests - HTTP REQUEST -> PATCH https://jsonplaceholder.typicode.com/posts/101 | headers: Accept: */* | Content-Type: application/json | body: {"id":1062722,"title":"Frankenstein - updated","overview":"Dr. Victor Frankenstein, a brilliant but egotistical scientist, brings a creature to life in a monstrous experiment that ultimately leads to the undoing of both the creator and his tragic creation."}
[main] INFO http-requests - HTTP REQUEST -> PATCH https://jsonplaceholder.typicode.com/posts/101 | headers: Accept: */* | Content-Type: application/json | body: {"id":1062722,"title":"Frankenstein - updated","overview":"Dr. Victor Frankenstein, a brilliant but egotistical scientist, brings a creature to life in a monstrous experiment that ultimately leads to the undoing of both the creator and his tragic creation."}
[main] INFO http-requests - HTTP REQUEST -> PATCH https://jsonplaceholder.typicode.com/posts/101 | headers: Accept: */* | Content-Type: application/json | body: {"id":1062722,"title":"Frankenstein - updated","overview":"Dr. Victor Frankenstein, a brilliant but egotistical scientist, brings a creature to life in a monstrous experiment that ultimately leads to the undoing of both the creator and his tragic creation."}
[main] INFO http-requests - HTTP REQUEST -> PATCH https://jsonplaceholder.typicode.com/posts/101 | headers: Accept: */* | Content-Type: application/json | body: {"id":1062722,"title":"Frankenstein - updated","overview":"Dr. Victor Frankenstein, a brilliant but egotistical scientist, brings a creature to life in a monstrous experiment that ultimately leads to the undoing of both the creator and his tragic creation."}
[main] INFO http-requests - HTTP REQUEST -> PATCH https://jsonplaceholder.typicode.com/posts/101 | headers: Accept: */* | Content-Type: application/json | body: {"id":1062722,"title":"Frankenstein - updated","overview":"Dr. Victor Frankenstein, a brilliant but egotistical scientist, brings a creature to life in a monstrous experiment that ultimately leads to the undoing of both the creator and his tragic creation."}
[main] INFO http-requests - HTTP REQUEST -> PATCH https://jsonplaceholder.typicode.com/posts/101 | headers: Accept: */* | Content-Type: application/json | body: {"id":1062722,"title":"Frankenstein - updated","overview":"Dr. Victor Frankenstein, a brilliant but egotistical scientist, brings a creature to life in a monstrous experiment that ultimately leads to the undoing of both the creator and his tragic creation."}
[main] INFO http-requests - HTTP REQUEST -> PATCH https://jsonplaceholder.typicode.com/posts/101 | headers: Accept: */* | Content-Type: application/json | body: {"id":1062722,"title":"Frankenstein - updated","overview":"Dr. Victor Frankenstein, a brilliant but egotistical scientist, brings a creature to life in a monstrous experiment that ultimately leads to the undoing of both the creator and his tragic creation."}
[main] INFO http-requests - HTTP REQUEST -> PATCH https://jsonplaceholder.typicode.com/posts/101 | headers: Accept: */* | Content-Type: application/json | body: {"id":1062722,"title":"Frankenstein - updated","overview":"Dr. Victor Frankenstein, a brilliant but egotistical scientist, brings a creature to life in a monstrous experiment that ultimately leads to the undoing of both the creator and his tragic creation."}
[main] INFO http-requests - HTTP REQUEST -> PATCH https://jsonplaceholder.typicode.com/posts/101 | headers: Accept: */* | Content-Type: application/json | body: {"id":1062722,"title":"Frankenstein - updated","overview":"Dr. Victor Frankenstein, a brilliant but egotistical scientist, brings a creature to life in a monstrous experiment that ultimately leads to the undoing of both the creator and his tragic creation."}
[main] INFO http-requests - HTTP RESPONSE <- PATCH https://jsonplaceholder.typicode.com/posts/101 | status: 200 | content-type: application/json; charset=utf-8 | body-size: 271
[main] INFO http-requests - HTTP RESPONSE <- PATCH https://jsonplaceholder.typicode.com/posts/101 | status: 200 | content-type: application/json; charset=utf-8 | body-size: 271
[main] INFO http-requests - HTTP RESPONSE <- PATCH https://jsonplaceholder.typicode.com/posts/101 | status: 200 | content-type: application/json; charset=utf-8 | body-size: 271
[main] INFO http-requests - HTTP RESPONSE <- PATCH https://jsonplaceholder.typicode.com/posts/101 | status: 200 | content-type: application/json; charset=utf-8 | body-size: 271
[main] INFO http-requests - HTTP RESPONSE <- PATCH https://jsonplaceholder.typicode.com/posts/101 | status: 200 | content-type: application/json; charset=utf-8 | body-size: 271
[main] INFO http-requests - HTTP RESPONSE <- PATCH https://jsonplaceholder.typicode.com/posts/101 | status: 200 | content-type: application/json; charset=utf-8 | body-size: 271
[main] INFO http-requests - HTTP RESPONSE <- PATCH https://jsonplaceholder.typicode.com/posts/101 | status: 200 | content-type: application/json; charset=utf-8 | body-size: 271
[main] INFO http-requests - HTTP RESPONSE <- PATCH https://jsonplaceholder.typicode.com/posts/101 | status: 200 | content-type: application/json; charset=utf-8 | body-size: 271
[main] INFO http-requests - HTTP RESPONSE <- PATCH https://jsonplaceholder.typicode.com/posts/101 | status: 200 | content-type: application/json; charset=utf-8 | body-size: 271
[main] INFO http-requests - HTTP RESPONSE <- PATCH https://jsonplaceholder.typicode.com/posts/101 | status: 200 | content-type: application/json; charset=utf-8 | body-size: 271
[main] INFO http-requests - HTTP RESPONSE <- PATCH https://jsonplaceholder.typicode.com/posts/101 | status: 200 | content-type: application/json; charset=utf-8 | body-size: 271
[main] INFO http-requests - HTTP RESPONSE <- PATCH https://jsonplaceholder.typicode.com/posts/101 | status: 200 | content-type: application/json; charset=utf-8 | body-size: 271
[main] INFO http-requests - HTTP RESPONSE <- PATCH https://jsonplaceholder.typicode.com/posts/101 | status: 200 | content-type: application/json; charset=utf-8 | body-size: 271
[main] INFO http-requests - HTTP RESPONSE <- PATCH https://jsonplaceholder.typicode.com/posts/101 | status: 200 | content-type: application/json; charset=utf-8 | body-size: 271
[main] INFO http-requests - HTTP REQUEST -> DELETE https://jsonplaceholder.typicode.com/posts/101 | headers: Accept: */* | Content-Type: application/json | body: <empty>
[main] INFO http-requests - HTTP REQUEST -> DELETE https://jsonplaceholder.typicode.com/posts/101 | headers: Accept: */* | Content-Type: application/json | body: <empty>
[main] INFO http-requests - HTTP REQUEST -> DELETE https://jsonplaceholder.typicode.com/posts/101 | headers: Accept: */* | Content-Type: application/json | body: <empty>
[main] INFO http-requests - HTTP REQUEST -> DELETE https://jsonplaceholder.typicode.com/posts/101 | headers: Accept: */* | Content-Type: application/json | body: <empty>
[main] INFO http-requests - HTTP REQUEST -> DELETE https://jsonplaceholder.typicode.com/posts/101 | headers: Accept: */* | Content-Type: application/json | body: <empty>
[main] INFO http-requests - HTTP REQUEST -> DELETE https://jsonplaceholder.typicode.com/posts/101 | headers: Accept: */* | Content-Type: application/json | body: <empty>
[main] INFO http-requests - HTTP REQUEST -> DELETE https://jsonplaceholder.typicode.com/posts/101 | headers: Accept: */* | Content-Type: application/json | body: <empty>
[main] INFO http-requests - HTTP REQUEST -> DELETE https://jsonplaceholder.typicode.com/posts/101 | headers: Accept: */* | Content-Type: application/json | body: <empty>
[main] INFO http-requests - HTTP REQUEST -> DELETE https://jsonplaceholder.typicode.com/posts/101 | headers: Accept: */* | Content-Type: application/json | body: <empty>
[main] INFO http-requests - HTTP REQUEST -> DELETE https://jsonplaceholder.typicode.com/posts/101 | headers: Accept: */* | Content-Type: application/json | body: <empty>
[main] INFO http-requests - HTTP REQUEST -> DELETE https://jsonplaceholder.typicode.com/posts/101 | headers: Accept: */* | Content-Type: application/json | body: <empty>
[main] INFO http-requests - HTTP REQUEST -> DELETE https://jsonplaceholder.typicode.com/posts/101 | headers: Accept: */* | Content-Type: application/json | body: <empty>
[main] INFO http-requests - HTTP REQUEST -> DELETE https://jsonplaceholder.typicode.com/posts/101 | headers: Accept: */* | Content-Type: application/json | body: <empty>
[main] INFO http-requests - HTTP REQUEST -> DELETE https://jsonplaceholder.typicode.com/posts/101 | headers: Accept: */* | Content-Type: application/json | body: <empty>
[main] INFO http-requests - HTTP REQUEST -> DELETE https://jsonplaceholder.typicode.com/posts/101 | headers: Accept: */* | Content-Type: application/json | body: <empty>
[main] INFO http-requests - HTTP RESPONSE <- DELETE https://jsonplaceholder.typicode.com/posts/101 | status: 200 | content-type: application/json; charset=utf-8 | body-size: 2
[main] INFO http-requests - HTTP RESPONSE <- DELETE https://jsonplaceholder.typicode.com/posts/101 | status: 200 | content-type: application/json; charset=utf-8 | body-size: 2
[main] INFO http-requests - HTTP RESPONSE <- DELETE https://jsonplaceholder.typicode.com/posts/101 | status: 200 | content-type: application/json; charset=utf-8 | body-size: 2
[main] INFO http-requests - HTTP RESPONSE <- DELETE https://jsonplaceholder.typicode.com/posts/101 | status: 200 | content-type: application/json; charset=utf-8 | body-size: 2
[main] INFO http-requests - HTTP RESPONSE <- DELETE https://jsonplaceholder.typicode.com/posts/101 | status: 200 | content-type: application/json; charset=utf-8 | body-size: 2
[main] INFO http-requests - HTTP RESPONSE <- DELETE https://jsonplaceholder.typicode.com/posts/101 | status: 200 | content-type: application/json; charset=utf-8 | body-size: 2
[main] INFO http-requests - HTTP RESPONSE <- DELETE https://jsonplaceholder.typicode.com/posts/101 | status: 200 | content-type: application/json; charset=utf-8 | body-size: 2
[main] INFO http-requests - HTTP RESPONSE <- DELETE https://jsonplaceholder.typicode.com/posts/101 | status: 200 | content-type: application/json; charset=utf-8 | body-size: 2
[main] INFO http-requests - HTTP RESPONSE <- DELETE https://jsonplaceholder.typicode.com/posts/101 | status: 200 | content-type: application/json; charset=utf-8 | body-size: 2
[main] INFO http-requests - HTTP RESPONSE <- DELETE https://jsonplaceholder.typicode.com/posts/101 | status: 200 | content-type: application/json; charset=utf-8 | body-size: 2
[main] INFO http-requests - HTTP RESPONSE <- DELETE https://jsonplaceholder.typicode.com/posts/101 | status: 200 | content-type: application/json; charset=utf-8 | body-size: 2
[main] INFO http-requests - HTTP RESPONSE <- DELETE https://jsonplaceholder.typicode.com/posts/101 | status: 200 | content-type: application/json; charset=utf-8 | body-size: 2
[main] INFO http-requests - HTTP RESPONSE <- DELETE https://jsonplaceholder.typicode.com/posts/101 | status: 200 | content-type: application/json; charset=utf-8 | body-size: 2
[main] INFO http-requests - HTTP RESPONSE <- DELETE https://jsonplaceholder.typicode.com/posts/101 | status: 200 | content-type: application/json; charset=utf-8 | body-size: 2
[main] INFO http-requests - HTTP RESPONSE <- DELETE https://jsonplaceholder.typicode.com/posts/101 | status: 200 | content-type: application/json; charset=utf-8 | body-size: 2
]]></system-err>
  </testcase>
</testsuite>